Source/Phone/Android/Source Code/proguard.cfg
-injars bin/classes
-injars libs
-outjars bin/classes-processed.jar
-optimizationpasses 5
-dontusemixedcaseclassnames
-dontskipnonpubliclibraryclasses
-dontpreverify
-verbose
-optimizations !code/simplification/arithmetic,!field/*,!class/merging/*
-keep public class * extends android.app.Activity
-keep public class * extends android.app.Application
-keep public class * extends android.app.Service
-keep public class * extends android.content.BroadcastReceiver
-keep public class * extends android.content.ContentProvider
-keep public class * extends android.app.backup.BackupAgentHelper
-keep public class * extends android.preference.Preference
-keep public class com.android.vending.licensing.ILicensingService

-keepattributes *Annotation*
-keepattributes JavascriptInterface
-keepclassmembers class * {
    @android.webkit.JavascriptInterface <methods>;
}
-keep public class com.guardianapp.ui.TrackMeActivity$WebAppInterface
-keep public class com.guardianapp.ui.BuddyLocationMapActivity$WebAppInterface
-keep public class com.guardianapp.ui.GetHelpLocationMapActivity$WebAppInterface
-dontwarn android.webkit.*

-keep class android.support.v4.** { *; }
-dontwarn android.support.v4.**

-keep class android.support.v7.** { *; }
-dontwarn android.support.v7.**
-keepattributes Signature
# Gson specific classes
-keep class sun.misc.Unsafe { *; }
#-keep class com.google.gson.stream.** { *; }

# Application classes that will be serialized/deserialized over Gson
-keep class com.google.gson.examples.android.model.** { *; }
-keep class com.guardian.model { *; }
-keepclasseswithmembernames class * {
native <methods>;
}
-keepclasseswithmembers class * {
public <init>(android.content.Context, android.util.AttributeSet);
}
-keepclasseswithmembers class * {
public <init>(android.content.Context, android.util.AttributeSet, int);
}
-keepclassmembers class * extends android.app.Activity {
public void *(android.view.View);
}
-keepclassmembers enum * {
public static **[] values();
public static ** valueOf(java.lang.String);
}
-keep class * implements android.os.Parcelable {
public static final android.os.Parcelable$Creator *;
}

-keep class * extends java.util.ListResourceBundle {
    protected Object[][] getContents();
}

-keep public class com.google.android.gms.common.internal.safeparcel.SafeParcelable {
    public static final *** NULL;
}

-keep class com.microsoft.live.** {
   *;
}

-keepnames @com.google.android.gms.common.annotation.KeepName class *
-keepclassmembernames class * {
    @com.google.android.gms.common.annotation.KeepName *;
}

-keepnames class * implements android.os.Parcelable {
    public static final ** CREATOR;
}

-keepclassmembers class **.R$* {
    public static <fields>;
}

-keep class **.R$*

-dontwarn com.google.android.gms.**