Source/Phone/Android/Source Code/proguard/seeds.txt
com.guardianapp.Guardian
com.guardianapp.Guardian: Guardian()
com.guardianapp.R$anim
com.guardianapp.R$anim: int abc_fade_in
com.guardianapp.R$anim: int abc_fade_out
com.guardianapp.R$anim: int abc_slide_in_bottom
com.guardianapp.R$anim: int abc_slide_in_top
com.guardianapp.R$anim: int abc_slide_out_bottom
com.guardianapp.R$anim: int abc_slide_out_top
com.guardianapp.R$attr
com.guardianapp.R$attr: int actionBarDivider
com.guardianapp.R$attr: int actionBarItemBackground
com.guardianapp.R$attr: int actionBarSize
com.guardianapp.R$attr: int actionBarSplitStyle
com.guardianapp.R$attr: int actionBarStyle
com.guardianapp.R$attr: int actionBarTabBarStyle
com.guardianapp.R$attr: int actionBarTabStyle
com.guardianapp.R$attr: int actionBarTabTextStyle
com.guardianapp.R$attr: int actionBarWidgetTheme
com.guardianapp.R$attr: int actionButtonStyle
com.guardianapp.R$attr: int actionDropDownStyle
com.guardianapp.R$attr: int actionLayout
com.guardianapp.R$attr: int actionMenuTextAppearance
com.guardianapp.R$attr: int actionMenuTextColor
com.guardianapp.R$attr: int actionModeBackground
com.guardianapp.R$attr: int actionModeCloseButtonStyle
com.guardianapp.R$attr: int actionModeCloseDrawable
com.guardianapp.R$attr: int actionModeCopyDrawable
com.guardianapp.R$attr: int actionModeCutDrawable
com.guardianapp.R$attr: int actionModeFindDrawable
com.guardianapp.R$attr: int actionModePasteDrawable
com.guardianapp.R$attr: int actionModePopupWindowStyle
com.guardianapp.R$attr: int actionModeSelectAllDrawable
com.guardianapp.R$attr: int actionModeShareDrawable
com.guardianapp.R$attr: int actionModeSplitBackground
com.guardianapp.R$attr: int actionModeStyle
com.guardianapp.R$attr: int actionModeWebSearchDrawable
com.guardianapp.R$attr: int actionOverflowButtonStyle
com.guardianapp.R$attr: int actionProviderClass
com.guardianapp.R$bool
com.guardianapp.R$bool: int abc_action_bar_embed_tabs_pre_jb
com.guardianapp.R$bool: int abc_action_bar_expanded_action_views_exclusive
com.guardianapp.R$bool: int abc_config_actionMenuItemAllCaps
com.guardianapp.R$bool: int abc_config_allowActionMenuItemTextWithIcon
com.guardianapp.R$bool: int abc_config_showMenuShortcutsWhenKeyboardPresent
com.guardianapp.R$bool: int abc_split_action_bar_is_narrow
com.guardianapp.R$color
com.guardianapp.R$color: int abc_search_url_text_holo
com.guardianapp.R$color: int abc_search_url_text_normal
com.guardianapp.R$color: int abc_search_url_text_pressed
com.guardianapp.R$color: int abc_search_url_text_selected
com.guardianapp.R$color: int black
com.guardianapp.R$color: int black_light
com.guardianapp.R$color: int green
com.guardianapp.R$color: int orange
com.guardianapp.R$color: int white
com.guardianapp.R$color: int yellow
...
android.support.v4.widget.SearchViewCompatHoneycomb$2
android.support.v4.widget.SearchViewCompatHoneycomb$2: android.support.v4.widget.SearchViewCompatHoneycomb$OnCloseListenerCompatBridge val$listener
android.support.v4.widget.SearchViewCompatHoneycomb$2: SearchViewCompatHoneycomb$2(android.support.v4.widget.SearchViewCompatHoneycomb$OnCloseListenerCompatBridge)
android.support.v4.widget.SearchViewCompatHoneycomb$2: boolean onClose()
android.support.v4.widget.SearchViewCompatHoneycomb$OnCloseListenerCompatBridge
android.support.v4.widget.SearchViewCompatHoneycomb$OnCloseListenerCompatBridge: boolean onClose()
android.support.v4.widget.SearchViewCompatHoneycomb$OnQueryTextListenerCompatBridge
android.support.v4.widget.SearchViewCompatHoneycomb$OnQueryTextListenerCompatBridge: boolean onQueryTextSubmit(java.lang.String)
android.support.v4.widget.SearchViewCompatHoneycomb$OnQueryTextListenerCompatBridge: boolean onQueryTextChange(java.lang.String)
android.support.v4.widget.SearchViewCompatIcs
android.support.v4.widget.SearchViewCompatIcs: SearchViewCompatIcs()
android.support.v4.widget.SearchViewCompatIcs: android.view.View newSearchView(android.content.Context)
android.support.v4.widget.SearchViewCompatIcs: void setImeOptions(android.view.View,int)
android.support.v4.widget.SearchViewCompatIcs: void setInputType(android.view.View,int)
android.support.v4.widget.SearchViewCompatIcs$MySearchView
android.support.v4.widget.SearchViewCompatIcs$MySearchView: SearchViewCompatIcs$MySearchView(android.content.Context)
android.support.v4.widget.SearchViewCompatIcs$MySearchView: void onActionViewCollapsed()
android.support.v4.widget.SimpleCursorAdapter
android.support.v4.widget.SimpleCursorAdapter: int[] mFrom
android.support.v4.widget.SimpleCursorAdapter: int[] mTo
android.support.v4.widget.SimpleCursorAdapter: int mStringConversionColumn
android.support.v4.widget.SimpleCursorAdapter: android.support.v4.widget.SimpleCursorAdapter$CursorToStringConverter mCursorToStringConverter
android.support.v4.widget.SimpleCursorAdapter: android.support.v4.widget.SimpleCursorAdapter$ViewBinder mViewBinder
android.support.v4.widget.SimpleCursorAdapter: java.lang.String[] mOriginalFrom
android.support.v4.widget.SimpleCursorAdapter: SimpleCursorAdapter(android.content.Context,int,android.database.Cursor,java.lang.String[],int[])
android.support.v4.widget.SimpleCursorAdapter: SimpleCursorAdapter(android.content.Context,int,android.database.Cursor,java.lang.String[],int[],int)
android.support.v4.widget.SimpleCursorAdapter: void bindView(android.view.View,android.content.Context,android.database.Cursor)
android.support.v4.widget.SimpleCursorAdapter: android.support.v4.widget.SimpleCursorAdapter$ViewBinder getViewBinder()
android.support.v4.widget.SimpleCursorAdapter: void setViewBinder(android.support.v4.widget.SimpleCursorAdapter$ViewBinder)
android.support.v4.widget.SimpleCursorAdapter: void setViewImage(android.widget.ImageView,java.lang.String)
android.support.v4.widget.SimpleCursorAdapter: void setViewText(android.widget.TextView,java.lang.String)
android.support.v4.widget.SimpleCursorAdapter$CursorToStringConverter
android.support.v4.widget.SimpleCursorAdapter$CursorToStringConverter: java.lang.CharSequence convertToString(android.database.Cursor)
android.support.v4.widget.SimpleCursorAdapter$ViewBinder
android.support.v4.widget.SimpleCursorAdapter$ViewBinder: boolean setViewValue(android.view.View,android.database.Cursor,int)