Source/Phone/Android/Source Code/proguard/mapping.txt
com.guardianapp.Guardian -> com.guardianapp.Guardian:
    com.microsoft.live.LiveAuthClient mAuthClient -> a
    com.microsoft.live.LiveConnectClient mConnectClient -> b
    com.microsoft.live.LiveConnectSession mSession -> c
    com.guardianapp.Guardian appInstance -> d
    void onCreate() -> onCreate
    com.guardianapp.Guardian getInstance() -> a
    void setAuthClient(com.microsoft.live.LiveAuthClient) -> a
    void setConnectClient(com.microsoft.live.LiveConnectClient) -> a
    void setSession(com.microsoft.live.LiveConnectSession) -> a
com.guardianapp.R -> com.guardianapp.R:
com.guardianapp.R$anim -> com.guardianapp.R$anim:
    int abc_fade_in -> abc_fade_in
    int abc_fade_out -> abc_fade_out
    int abc_slide_in_bottom -> abc_slide_in_bottom
    int abc_slide_in_top -> abc_slide_in_top
    int abc_slide_out_bottom -> abc_slide_out_bottom
    int abc_slide_out_top -> abc_slide_out_top
com.guardianapp.R$attr -> com.guardianapp.R$attr:
    int actionBarDivider -> actionBarDivider
    int actionBarItemBackground -> actionBarItemBackground
    int actionBarSize -> actionBarSize
    int actionBarSplitStyle -> actionBarSplitStyle
    int actionBarStyle -> actionBarStyle
    int actionBarTabBarStyle -> actionBarTabBarStyle
    int actionBarTabStyle -> actionBarTabStyle
    int actionBarTabTextStyle -> actionBarTabTextStyle
    int actionBarWidgetTheme -> actionBarWidgetTheme
    int actionButtonStyle -> actionButtonStyle
    int actionDropDownStyle -> actionDropDownStyle
    int actionLayout -> actionLayout
    int actionMenuTextAppearance -> actionMenuTextAppearance
    int actionMenuTextColor -> actionMenuTextColor
    int actionModeBackground -> actionModeBackground
    int actionModeCloseButtonStyle -> actionModeCloseButtonStyle
    int actionModeCloseDrawable -> actionModeCloseDrawable
    int actionModeCopyDrawable -> actionModeCopyDrawable
    int actionModeCutDrawable -> actionModeCutDrawable
    int actionModeFindDrawable -> actionModeFindDrawable
    int actionModePasteDrawable -> actionModePasteDrawable
    int actionModePopupWindowStyle -> actionModePopupWindowStyle
    int actionModeSelectAllDrawable -> actionModeSelectAllDrawable
    int actionModeShareDrawable -> actionModeShareDrawable
    int actionModeSplitBackground -> actionModeSplitBackground
    int actionModeStyle -> actionModeStyle
com.guardianapp.R$bool -> com.guardianapp.R$bool:
    int abc_action_bar_embed_tabs_pre_jb -> abc_action_bar_embed_tabs_pre_jb
    int abc_action_bar_expanded_action_views_exclusive -> abc_action_bar_expanded_action_views_exclusive
    int abc_config_actionMenuItemAllCaps -> abc_config_actionMenuItemAllCaps
    int abc_config_allowActionMenuItemTextWithIcon -> abc_config_allowActionMenuItemTextWithIcon
    int abc_config_showMenuShortcutsWhenKeyboardPresent -> abc_config_showMenuShortcutsWhenKeyboardPresent
    int abc_split_action_bar_is_narrow -> abc_split_action_bar_is_narrow
com.guardianapp.R$color -> com.guardianapp.R$color:
    int abc_search_url_text_holo -> abc_search_url_text_holo
    int abc_search_url_text_normal -> abc_search_url_text_normal
    int abc_search_url_text_pressed -> abc_search_url_text_pressed
    int abc_search_url_text_selected -> abc_search_url_text_selected
    int black -> black
    int black_light -> black_light
    int green -> green
    int orange -> orange
    int white -> white
    int yellow -> yellow
...
android.support.v4.content.IntentCompat -> android.support.v4.content.IntentCompat:
    android.support.v4.content.IntentCompat$IntentCompatImpl IMPL -> IMPL
    java.lang.String ACTION_EXTERNAL_APPLICATIONS_AVAILABLE -> ACTION_EXTERNAL_APPLICATIONS_AVAILABLE
    java.lang.String ACTION_EXTERNAL_APPLICATIONS_UNAVAILABLE -> ACTION_EXTERNAL_APPLICATIONS_UNAVAILABLE
    java.lang.String EXTRA_CHANGED_PACKAGE_LIST -> EXTRA_CHANGED_PACKAGE_LIST
    java.lang.String EXTRA_CHANGED_UID_LIST -> EXTRA_CHANGED_UID_LIST
    java.lang.String EXTRA_HTML_TEXT -> EXTRA_HTML_TEXT
    int FLAG_ACTIVITY_TASK_ON_HOME -> FLAG_ACTIVITY_TASK_ON_HOME
    int FLAG_ACTIVITY_CLEAR_TASK -> FLAG_ACTIVITY_CLEAR_TASK
    android.content.Intent makeMainActivity(android.content.ComponentName) -> makeMainActivity
    android.content.Intent makeMainSelectorActivity(java.lang.String,java.lang.String) -> makeMainSelectorActivity
    android.content.Intent makeRestartActivityTask(android.content.ComponentName) -> makeRestartActivityTask
android.support.v4.content.IntentCompat$IntentCompatImpl -> android.support.v4.content.IntentCompat$IntentCompatImpl:
    android.content.Intent makeMainActivity(android.content.ComponentName) -> makeMainActivity
    android.content.Intent makeMainSelectorActivity(java.lang.String,java.lang.String) -> makeMainSelectorActivity
    android.content.Intent makeRestartActivityTask(android.content.ComponentName) -> makeRestartActivityTask
android.support.v4.content.IntentCompat$IntentCompatImplBase -> android.support.v4.content.IntentCompat$IntentCompatImplBase:
    android.content.Intent makeMainActivity(android.content.ComponentName) -> makeMainActivity
    android.content.Intent makeMainSelectorActivity(java.lang.String,java.lang.String) -> makeMainSelectorActivity
    android.content.Intent makeRestartActivityTask(android.content.ComponentName) -> makeRestartActivityTask
android.support.v4.content.IntentCompat$IntentCompatImplHC -> android.support.v4.content.IntentCompat$IntentCompatImplHC:
    android.content.Intent makeMainActivity(android.content.ComponentName) -> makeMainActivity
    android.content.Intent makeRestartActivityTask(android.content.ComponentName) -> makeRestartActivityTask
android.support.v4.content.IntentCompat$IntentCompatImplIcsMr1 -> android.support.v4.content.IntentCompat$IntentCompatImplIcsMr1:
    android.content.Intent makeMainSelectorActivity(java.lang.String,java.lang.String) -> makeMainSelectorActivity
android.support.v4.content.IntentCompatHoneycomb -> android.support.v4.content.IntentCompatHoneycomb:
    android.content.Intent makeMainActivity(android.content.ComponentName) -> makeMainActivity
    android.content.Intent makeRestartActivityTask(android.content.ComponentName) -> makeRestartActivityTask
android.support.v4.content.IntentCompatIcsMr1 -> android.support.v4.content.IntentCompatIcsMr1:
    android.content.Intent makeMainSelectorActivity(java.lang.String,java.lang.String) -> makeMainSelectorActivity