Source/Phone/Android/Source Code/proguard/usage.txt
com.guardianapp.BuildConfig
com.guardianapp.Guardian:
    32:32:public com.microsoft.live.LiveAuthClient getAuthClient()
    36:36:public com.microsoft.live.LiveConnectClient getConnectClient()
    40:40:public com.microsoft.live.LiveConnectSession getSession()
com.guardianapp.R:
    10:10:public R()
com.guardianapp.adapters.CountryCodeAdapter:
    71:71:private com.guardianapp.adapters.CountryCodeAdapter getInstant()
com.guardianapp.adapters.LocateListAdapter:
    52:52:private com.guardianapp.adapters.LocateListAdapter getInstant()
com.guardianapp.adapters.SOSBuddiesAdapter:
    60:60:private com.guardianapp.adapters.SOSBuddiesAdapter getInstant()
com.guardianapp.adapters.SOSGetLocalHelpAdapter:
    55:55:private com.guardianapp.adapters.SOSGetLocalHelpAdapter getInstant()
com.guardianapp.adapters.SOSGroupsAdapter:
    53:53:private com.guardianapp.adapters.SOSGroupsAdapter getInstant()
com.guardianapp.adapters.SearchContactAdapter$ViewHolder:
    private android.widget.ImageView photoImg
com.guardianapp.adapters.TrackMeSearchResultAdapter:
    56:56:private com.guardianapp.adapters.TrackMeSearchResultAdapter getInstant()
com.guardianapp.adapters.VersionAdapter:
    46:46:private com.guardianapp.adapters.VersionAdapter getInstant()
com.guardianapp.backgroundtasks.RunInBackground:
    82:90:public boolean stop()
com.guardianapp.database.DBQueries:
    public static final java.lang.String TABLE_BUDDY
    public static final java.lang.String TABLE_GROUP
    public static final java.lang.String TABLE_HEALTH
    public static final java.lang.String TABLE_LOCATION_BUDDY
    public static final java.lang.String TABLE_PROFILE
    public static final java.lang.String TABLE_USER
    public static final java.lang.String EXECUTE_SUCCESS
    public static final java.lang.String CREATE_TABLE_BUDDY
    public static final java.lang.String CREATE_TABLE_GROUPS
    public static final java.lang.String CREATE_TABLE_HEALTH
    public static final java.lang.String CREATE_TABLE_LOCATION_BUDDY
    public static final java.lang.String CREATE_TABLE_PROFILE
    public static final java.lang.String CREATE_TABLE_USER
    424:439:public java.lang.String deleteGrpopIntoDB(java.lang.String)
    1192:1206:public java.util.ArrayList SelectAllBuddyName()
    1240:1278:public void CleanBuddyIds(java.lang.String)
com.guardianapp.database.DatabaseHandler:
    private static final java.lang.String DATABASE_NAME
    private static final int DATABASE_VERSION
    94:94:public android.database.Cursor getAllRecords(java.lang.String)
com.guardianapp.helpercomponents.GpsChangeReceiver:
    public static final java.lang.String ACTION_GPS_CHANGE_RECEIVER
com.guardianapp.helpercomponents.StartSOSOnPBReceiver:
    public static final java.lang.String PROCESS_RESPONSE
com.guardianapp.helpercomponents.VersionCheckReceiver:
    private android.app.DownloadManager downloadManager
    public static long downloadReference
    public static final java.lang.String PROCESS_RESPONSE
    public static final java.lang.String LATEST_VERSION
com.guardianapp.interfaces.AsyncActivity
com.guardianapp.listener.OnOneOffClickListener
com.guardianapp.listener.OnOneOffItemClickListener
...
com.google.gson.DefaultDateTypeAdapter
com.google.gson.FieldAttributes:
    53:53:public java.lang.Class getDeclaringClass()
    60:60:public java.lang.String getName()
    80:80:public java.lang.reflect.Type getDeclaredType()
    100:100:public java.lang.Class getDeclaredClass()
    111:111:public java.lang.annotation.Annotation getAnnotation(java.lang.Class)
    121:121:public java.util.Collection getAnnotations()
    135:135:public boolean hasModifier(int)
    146:146:java.lang.Object get(java.lang.Object)
    155:155:boolean isSynthetic()
com.google.gson.Gson:
    static final boolean DEFAULT_JSON_NON_EXECUTABLE
    private static final java.lang.String JSON_NON_EXECUTABLE_PREFIX
    462:465:public com.google.gson.JsonElement toJsonTree(java.lang.Object)
    485:487:public com.google.gson.JsonElement toJsonTree(java.lang.Object,java.lang.reflect.Type)
    546:551:public void toJson(java.lang.Object,java.lang.Appendable)
    740:743:public java.lang.Object fromJson(java.io.Reader,java.lang.Class)
    841:842:public java.lang.Object fromJson(com.google.gson.JsonElement,java.lang.Class)
    865:868:public java.lang.Object fromJson(com.google.gson.JsonElement,java.lang.reflect.Type)
com.google.gson.Gson$1:
    126:126:public java.lang.Object deserialize(com.google.gson.JsonElement,java.lang.reflect.Type)
com.google.gson.Gson$2:
    132:132:public com.google.gson.JsonElement serialize(java.lang.Object)
    135:135:public com.google.gson.JsonElement serialize(java.lang.Object,java.lang.reflect.Type)
com.google.gson.GsonBuilder
com.google.gson.JsonArray:
    45:49:com.google.gson.JsonArray deepCopy()
    70:71:public void addAll(com.google.gson.JsonArray)
    79:79:public int size()
    101:101:public com.google.gson.JsonElement get(int)
    163:166:public java.math.BigDecimal getAsBigDecimal()
    180:183:public java.math.BigInteger getAsBigInteger()
    196:199:public float getAsFloat()
    236:239:public byte getAsByte()
    244:247:public char getAsCharacter()
    260:263:public short getAsShort()
    33:33:bridge synthetic com.google.gson.JsonElement deepCopy()
com.google.gson.JsonDeserializationContext:
    public abstract java.lang.Object deserialize(com.google.gson.JsonElement,java.lang.reflect.Type)
com.google.gson.JsonDeserializer
com.google.gson.JsonElement:
    abstract com.google.gson.JsonElement deepCopy()
    136:139:public com.google.gson.JsonNull getAsJsonNull()
    217:217:public float getAsFloat()
    257:257:public byte getAsByte()
    271:271:public char getAsCharacter()
    285:285:public java.math.BigDecimal getAsBigDecimal()
    299:299:public java.math.BigInteger getAsBigInteger()
    312:312:public short getAsShort()
com.google.gson.JsonIOException:
    private static final long serialVersionUID
    33:34:public JsonIOException(java.lang.String,java.lang.Throwable)
com.google.gson.JsonNull:
    45:45:com.google.gson.JsonNull deepCopy()
    26:26:bridge synthetic com.google.gson.JsonElement deepCopy()
com.google.gson.JsonObject:
    38:42:com.google.gson.JsonObject deepCopy()
    68:68:public com.google.gson.JsonElement remove(java.lang.String)
    79:80:public void addProperty(java.lang.String,java.lang.String)
    90:91:public void addProperty(java.lang.String,java.lang.Number)
    101:102:public void addProperty(java.lang.String,java.lang.Boolean)
    112:113:public void addProperty(java.lang.String,java.lang.Character)
    122:122:private com.google.gson.JsonElement createJsonElement(java.lang.Object)
    142:142:public boolean has(java.lang.String)
    152:152:public com.google.gson.JsonElement get(java.lang.String)
    162:162:public com.google.gson.JsonPrimitive getAsJsonPrimitive(java.lang.String)
    172:172:public com.google.gson.JsonArray getAsJsonArray(java.lang.String)
    182:182:public com.google.gson.JsonObject getAsJsonObject(java.lang.String)
    32:32:bridge synthetic com.google.gson.JsonElement deepCopy()
com.google.gson.JsonParseException:
    static final long serialVersionUID